Starting server with Config HP="127.0.0.1:13922"|T="28800000"|R="false"|L="info"
time="2026-03-11T21:05:03-04:00" level=info msg="Creating root@localhost superuser"
time="2026-03-11T21:05:03-04:00" level=info msg="Server ready. Accepting connections."
time="2026-03-11T21:05:03-04:00" level=warning msg="secure_file_priv is set to \"\", which is insecure."
time="2026-03-11T21:05:03-04:00" level=warning msg="Any user with GRANT FILE privileges will be able to read any file which the sql-server process can read."
time="2026-03-11T21:05:03-04:00" level=warning msg="Please consider restarting the server with secure_file_priv set to a safe (or non-existent) directory."
time="2026-03-11T21:05:04-04:00" level=info msg=NewConnection DisableClientMultiStatements=false connectionID=1
time="2026-03-11T21:05:04-04:00" level=info msg=ConnectionClosed connectionID=1
time="2026-03-11T21:05:04-04:00" level=info msg=NewConnection DisableClientMultiStatements=false connectionID=2
time="2026-03-11T21:05:04-04:00" level=info msg=ConnectionClosed connectionID=2
time="2026-03-11T21:05:04-04:00" level=info msg=NewConnection DisableClientMultiStatements=false connectionID=3
time="2026-03-11T21:05:04-04:00" level=info msg=ConnectionClosed connectionID=3
time="2026-03-11T21:16:42-04:00" level=info msg=NewConnection DisableClientMultiStatements=false connectionID=4
time="2026-03-11T21:16:42-04:00" level=info msg=ConnectionClosed connectionID=4
time="2026-03-11T21:16:42-04:00" level=info msg=NewConnection DisableClientMultiStatements=false connectionID=5
time="2026-03-11T21:16:42-04:00" level=info msg=ConnectionClosed connectionID=5
time="2026-03-11T21:47:05-04:00" level=info msg=NewConnection DisableClientMultiStatements=false connectionID=6
time="2026-03-11T21:47:05-04:00" level=info msg=ConnectionClosed connectionID=6
time="2026-03-11T21:47:05-04:00" level=info msg="Server closing listener. No longer accepting connections."
time="2026-03-11T21:47:05-04:00" level=info msg="stats stopped: context canceled"
Starting server with Config HP="127.0.0.1:13922"|T="28800000"|R="false"|L="info"
time="2026-03-11T23:27:39-04:00" level=info msg="Server ready. Accepting connections."
time="2026-03-11T23:27:39-04:00" level=warning msg="secure_file_priv is set to \"\", which is insecure."
time="2026-03-11T23:27:39-04:00" level=warning msg="Any user with GRANT FILE privileges will be able to read any file which the sql-server process can read."
time="2026-03-11T23:27:39-04:00" level=warning msg="Please consider restarting the server with secure_file_priv set to a safe (or non-existent) directory."
time="2026-03-11T23:27:40-04:00" level=info msg=NewConnection DisableClientMultiStatements=false connectionID=1
time="2026-03-11T23:27:40-04:00" level=info msg=ConnectionClosed connectionID=1
time="2026-03-11T23:27:40-04:00" level=info msg=NewConnection DisableClientMultiStatements=false connectionID=2
time="2026-03-11T23:27:40-04:00" level=info msg=ConnectionClosed connectionID=2
time="2026-03-11T23:27:40-04:00" level=info msg=NewConnection DisableClientMultiStatements=false connectionID=3
time="2026-03-11T23:27:40-04:00" level=info msg=ConnectionClosed connectionID=3
time="2026-03-11T23:40:00-04:00" level=info msg=NewConnection DisableClientMultiStatements=false connectionID=4
time="2026-03-11T23:40:00-04:00" level=info msg=ConnectionClosed connectionID=4
time="2026-03-11T23:40:00-04:00" level=info msg=NewConnection DisableClientMultiStatements=false connectionID=5
time="2026-03-11T23:40:00-04:00" level=info msg=ConnectionClosed connectionID=5
time="2026-03-12T00:10:41-04:00" level=info msg=NewConnection DisableClientMultiStatements=false connectionID=6
time="2026-03-12T00:10:41-04:00" level=info msg="Server closing listener. No longer accepting connections."
time="2026-03-12T00:10:41-04:00" level=info msg=ConnectionClosed connectionID=6
time="2026-03-12T00:10:41-04:00" level=info msg="stats stopped: context canceled"
Starting server with Config HP="127.0.0.1:13922"|T="28800000"|R="false"|L="info"
time="2026-03-12T10:19:26-04:00" level=info msg="Server ready. Accepting connections."
time="2026-03-12T10:19:26-04:00" level=warning msg="secure_file_priv is set to \"\", which is insecure."
time="2026-03-12T10:19:26-04:00" level=warning msg="Any user with GRANT FILE privileges will be able to read any file which the sql-server process can read."
time="2026-03-12T10:19:26-04:00" level=warning msg="Please consider restarting the server with secure_file_priv set to a safe (or non-existent) directory."
time="2026-03-12T10:19:26-04:00" level=info msg=NewConnection DisableClientMultiStatements=false connectionID=1
time="2026-03-12T10:19:26-04:00" level=info msg=ConnectionClosed connectionID=1
time="2026-03-12T10:19:26-04:00" level=info msg=NewConnection DisableClientMultiStatements=false connectionID=2
time="2026-03-12T10:19:26-04:00" level=info msg=ConnectionClosed connectionID=2
time="2026-03-12T10:19:26-04:00" level=info msg=NewConnection DisableClientMultiStatements=false connectionID=3
time="2026-03-12T10:19:26-04:00" level=info msg=ConnectionClosed connectionID=3
time="2026-03-12T11:15:45-04:00" level=info msg=NewConnection DisableClientMultiStatements=false connectionID=4
time="2026-03-12T11:15:45-04:00" level=info msg=ConnectionClosed connectionID=4
time="2026-03-12T11:15:45-04:00" level=info msg="Server closing listener. No longer accepting connections."
time="2026-03-12T11:15:45-04:00" level=info msg="stats stopped: context canceled"
Starting server with Config HP="127.0.0.1:13922"|T="28800000"|R="false"|L="info"
time="2026-03-12T23:30:44-04:00" level=info msg="Server ready. Accepting connections."
time="2026-03-12T23:30:44-04:00" level=warning msg="secure_file_priv is set to \"\", which is insecure."
time="2026-03-12T23:30:44-04:00" level=warning msg="Any user with GRANT FILE privileges will be able to read any file which the sql-server process can read."
time="2026-03-12T23:30:44-04:00" level=warning msg="Please consider restarting the server with secure_file_priv set to a safe (or non-existent) directory."
time="2026-03-12T23:30:44-04:00" level=info msg=NewConnection DisableClientMultiStatements=false connectionID=1
time="2026-03-12T23:30:44-04:00" level=info msg=ConnectionClosed connectionID=1
time="2026-03-12T23:30:44-04:00" level=info msg=NewConnection DisableClientMultiStatements=false connectionID=2
time="2026-03-12T23:30:44-04:00" level=info msg=ConnectionClosed connectionID=2
time="2026-03-12T23:30:44-04:00" level=info msg=NewConnection DisableClientMultiStatements=false connectionID=3
time="2026-03-12T23:30:44-04:00" level=info msg=ConnectionClosed connectionID=3
time="2026-03-12T23:31:07-04:00" level=info msg=NewConnection DisableClientMultiStatements=false connectionID=4
time="2026-03-12T23:31:07-04:00" level=info msg=ConnectionClosed connectionID=4
time="2026-03-12T23:31:07-04:00" level=info msg=NewConnection DisableClientMultiStatements=false connectionID=5
time="2026-03-12T23:31:07-04:00" level=info msg=ConnectionClosed connectionID=5
time="2026-03-13T00:01:45-04:00" level=info msg=NewConnection DisableClientMultiStatements=false connectionID=6
time="2026-03-13T00:01:45-04:00" level=info msg=ConnectionClosed connectionID=6
time="2026-03-13T00:01:45-04:00" level=info msg="Server closing listener. No longer accepting connections."
time="2026-03-13T00:01:45-04:00" level=info msg="stats stopped: context canceled"
Starting server with Config HP="127.0.0.1:13922"|T="28800000"|R="false"|L="info"
time="2026-03-13T00:27:59-04:00" level=info msg="Server ready. Accepting connections."
time="2026-03-13T00:27:59-04:00" level=warning msg="secure_file_priv is set to \"\", which is insecure."
time="2026-03-13T00:27:59-04:00" level=warning msg="Any user with GRANT FILE privileges will be able to read any file which the sql-server process can read."
time="2026-03-13T00:27:59-04:00" level=warning msg="Please consider restarting the server with secure_file_priv set to a safe (or non-existent) directory."
time="2026-03-13T00:28:00-04:00" level=info msg=NewConnection DisableClientMultiStatements=false connectionID=1
time="2026-03-13T00:28:00-04:00" level=info msg=NewConnection DisableClientMultiStatements=false connectionID=2
time="2026-03-13T00:28:00-04:00" level=info msg=ConnectionClosed connectionID=1
time="2026-03-13T00:28:00-04:00" level=info msg=ConnectionClosed connectionID=2
time="2026-03-13T00:28:00-04:00" level=info msg=NewConnection DisableClientMultiStatements=false connectionID=3
time="2026-03-13T00:28:00-04:00" level=info msg=ConnectionClosed connectionID=3
time="2026-03-13T00:58:47-04:00" level=info msg=NewConnection DisableClientMultiStatements=false connectionID=4
time="2026-03-13T00:58:48-04:00" level=info msg=ConnectionClosed connectionID=4
time="2026-03-13T00:58:48-04:00" level=info msg="Server closing listener. No longer accepting connections."
time="2026-03-13T00:58:48-04:00" level=info msg="stats stopped: context canceled"
Starting server with Config HP="127.0.0.1:13922"|T="28800000"|R="false"|L="info"
time="2026-03-13T20:53:02-04:00" level=info msg="Server ready. Accepting connections."
time="2026-03-13T20:53:02-04:00" level=warning msg="secure_file_priv is set to \"\", which is insecure."
time="2026-03-13T20:53:02-04:00" level=warning msg="Any user with GRANT FILE privileges will be able to read any file which the sql-server process can read."
time="2026-03-13T20:53:02-04:00" level=warning msg="Please consider restarting the server with secure_file_priv set to a safe (or non-existent) directory."
time="2026-03-13T20:53:03-04:00" level=info msg=NewConnection DisableClientMultiStatements=false connectionID=1
time="2026-03-13T20:53:03-04:00" level=info msg=ConnectionClosed connectionID=1
time="2026-03-13T20:53:03-04:00" level=info msg=NewConnection DisableClientMultiStatements=false connectionID=2
time="2026-03-13T20:53:03-04:00" level=info msg=ConnectionClosed connectionID=2
time="2026-03-13T20:53:03-04:00" level=info msg=NewConnection DisableClientMultiStatements=false connectionID=3
time="2026-03-13T20:53:03-04:00" level=info msg=ConnectionClosed connectionID=3
time="2026-03-13T21:04:47-04:00" level=info msg=NewConnection DisableClientMultiStatements=false connectionID=4
time="2026-03-13T21:04:47-04:00" level=info msg=ConnectionClosed connectionID=4
time="2026-03-13T21:04:47-04:00" level=info msg=NewConnection DisableClientMultiStatements=false connectionID=5
time="2026-03-13T21:04:47-04:00" level=info msg=ConnectionClosed connectionID=5
time="2026-03-13T21:35:04-04:00" level=info msg=NewConnection DisableClientMultiStatements=false connectionID=6
time="2026-03-13T21:35:05-04:00" level=info msg=ConnectionClosed connectionID=6
time="2026-03-13T21:35:05-04:00" level=info msg="Server closing listener. No longer accepting connections."
time="2026-03-13T21:35:05-04:00" level=info msg="stats stopped: context canceled"
Starting server with Config HP="127.0.0.1:13922"|T="28800000"|R="false"|L="info"
time="2026-03-14T14:15:46-04:00" level=info msg="Server ready. Accepting connections."
time="2026-03-14T14:15:46-04:00" level=warning msg="secure_file_priv is set to \"\", which is insecure."
time="2026-03-14T14:15:46-04:00" level=warning msg="Any user with GRANT FILE privileges will be able to read any file which the sql-server process can read."
time="2026-03-14T14:15:46-04:00" level=warning msg="Please consider restarting the server with secure_file_priv set to a safe (or non-existent) directory."
time="2026-03-14T14:15:46-04:00" level=info msg=NewConnection DisableClientMultiStatements=false connectionID=1
time="2026-03-14T14:15:46-04:00" level=info msg=ConnectionClosed connectionID=1
time="2026-03-14T14:15:46-04:00" level=info msg=NewConnection DisableClientMultiStatements=false connectionID=2
time="2026-03-14T14:15:46-04:00" level=info msg=ConnectionClosed connectionID=2
time="2026-03-14T14:15:46-04:00" level=info msg=NewConnection DisableClientMultiStatements=false connectionID=3
time="2026-03-14T14:15:46-04:00" level=info msg=ConnectionClosed connectionID=3
time="2026-03-14T14:20:37-04:00" level=info msg=NewConnection DisableClientMultiStatements=false connectionID=4
time="2026-03-14T14:20:37-04:00" level=info msg=ConnectionClosed connectionID=4
time="2026-03-14T14:20:37-04:00" level=info msg=NewConnection DisableClientMultiStatements=false connectionID=5
time="2026-03-14T14:20:37-04:00" level=info msg=ConnectionClosed connectionID=5
time="2026-03-14T14:22:34-04:00" level=info msg=NewConnection DisableClientMultiStatements=false connectionID=6
time="2026-03-14T14:22:34-04:00" level=info msg=ConnectionClosed connectionID=6
time="2026-03-14T14:22:34-04:00" level=info msg=NewConnection DisableClientMultiStatements=false connectionID=7
time="2026-03-14T14:22:34-04:00" level=info msg=ConnectionClosed connectionID=7
time="2026-03-14T14:52:48-04:00" level=info msg=NewConnection DisableClientMultiStatements=false connectionID=8
time="2026-03-14T14:52:48-04:00" level=info msg=ConnectionClosed connectionID=8
time="2026-03-14T14:52:48-04:00" level=info msg="Server closing listener. No longer accepting connections."
time="2026-03-14T14:52:48-04:00" level=info msg="stats stopped: context canceled"
Starting server with Config HP="127.0.0.1:13922"|T="28800000"|R="false"|L="info"
time="2026-03-14T15:28:59-04:00" level=info msg="Server ready. Accepting connections."
time="2026-03-14T15:28:59-04:00" level=warning msg="secure_file_priv is set to \"\", which is insecure."
time="2026-03-14T15:28:59-04:00" level=warning msg="Any user with GRANT FILE privileges will be able to read any file which the sql-server process can read."
time="2026-03-14T15:28:59-04:00" level=warning msg="Please consider restarting the server with secure_file_priv set to a safe (or non-existent) directory."
time="2026-03-14T15:29:00-04:00" level=info msg=NewConnection DisableClientMultiStatements=false connectionID=1
time="2026-03-14T15:29:00-04:00" level=info msg=ConnectionClosed connectionID=1
time="2026-03-14T15:29:00-04:00" level=info msg=NewConnection DisableClientMultiStatements=false connectionID=2
time="2026-03-14T15:29:00-04:00" level=info msg=ConnectionClosed connectionID=2
time="2026-03-14T15:29:00-04:00" level=info msg=NewConnection DisableClientMultiStatements=false connectionID=3
time="2026-03-14T15:29:00-04:00" level=info msg=ConnectionClosed connectionID=3
time="2026-03-14T16:07:24-04:00" level=info msg=NewConnection DisableClientMultiStatements=false connectionID=4
time="2026-03-14T16:07:24-04:00" level=info msg=ConnectionClosed connectionID=4
time="2026-03-14T16:07:24-04:00" level=info msg="Server closing listener. No longer accepting connections."
time="2026-03-14T16:07:24-04:00" level=info msg="stats stopped: context canceled"
Starting server with Config HP="127.0.0.1:13922"|T="28800000"|R="false"|L="info"
time="2026-03-15T16:17:38-04:00" level=info msg="Server ready. Accepting connections."
time="2026-03-15T16:17:38-04:00" level=warning msg="secure_file_priv is set to \"\", which is insecure."
time="2026-03-15T16:17:38-04:00" level=warning msg="Any user with GRANT FILE privileges will be able to read any file which the sql-server process can read."
time="2026-03-15T16:17:38-04:00" level=warning msg="Please consider restarting the server with secure_file_priv set to a safe (or non-existent) directory."
time="2026-03-15T16:17:38-04:00" level=info msg=NewConnection DisableClientMultiStatements=false connectionID=1
time="2026-03-15T16:17:38-04:00" level=info msg=ConnectionClosed connectionID=1
time="2026-03-15T16:17:38-04:00" level=info msg=NewConnection DisableClientMultiStatements=false connectionID=2
time="2026-03-15T16:17:38-04:00" level=info msg=ConnectionClosed connectionID=2
time="2026-03-15T16:17:38-04:00" level=info msg=NewConnection DisableClientMultiStatements=false connectionID=3
time="2026-03-15T16:17:38-04:00" level=info msg=ConnectionClosed connectionID=3
time="2026-03-15T16:18:38-04:00" level=info msg=NewConnection DisableClientMultiStatements=false connectionID=4
time="2026-03-15T16:18:38-04:00" level=info msg=ConnectionClosed connectionID=4
time="2026-03-15T16:18:38-04:00" level=info msg=NewConnection DisableClientMultiStatements=false connectionID=5
time="2026-03-15T16:18:38-04:00" level=info msg=ConnectionClosed connectionID=5
time="2026-03-15T16:23:59-04:00" level=info msg=NewConnection DisableClientMultiStatements=false connectionID=6
time="2026-03-15T16:23:59-04:00" level=info msg=ConnectionClosed connectionID=6
time="2026-03-15T16:23:59-04:00" level=info msg=NewConnection DisableClientMultiStatements=false connectionID=7
time="2026-03-15T16:23:59-04:00" level=info msg=ConnectionClosed connectionID=7
time="2026-03-15T16:25:12-04:00" level=info msg=NewConnection DisableClientMultiStatements=false connectionID=8
time="2026-03-15T16:25:12-04:00" level=info msg=ConnectionClosed connectionID=8
time="2026-03-15T16:25:12-04:00" level=info msg=NewConnection DisableClientMultiStatements=false connectionID=9
time="2026-03-15T16:25:12-04:00" level=info msg=ConnectionClosed connectionID=9
time="2026-03-15T16:55:40-04:00" level=info msg=NewConnection DisableClientMultiStatements=false connectionID=10
time="2026-03-15T16:55:40-04:00" level=info msg="Server closing listener. No longer accepting connections."
time="2026-03-15T16:55:40-04:00" level=info msg=ConnectionClosed connectionID=10
time="2026-03-15T16:55:40-04:00" level=info msg="stats stopped: context canceled"
Starting server with Config HP="127.0.0.1:13922"|T="28800000"|R="false"|L="info"
time="2026-03-15T17:14:35-04:00" level=info msg="Server ready. Accepting connections."
time="2026-03-15T17:14:35-04:00" level=warning msg="secure_file_priv is set to \"\", which is insecure."
time="2026-03-15T17:14:35-04:00" level=warning msg="Any user with GRANT FILE privileges will be able to read any file which the sql-server process can read."
time="2026-03-15T17:14:35-04:00" level=warning msg="Please consider restarting the server with secure_file_priv set to a safe (or non-existent) directory."
time="2026-03-15T17:14:36-04:00" level=info msg=NewConnection DisableClientMultiStatements=false connectionID=1
time="2026-03-15T17:14:36-04:00" level=info msg=ConnectionClosed connectionID=1
time="2026-03-15T17:14:36-04:00" level=info msg=NewConnection DisableClientMultiStatements=false connectionID=2
time="2026-03-15T17:14:36-04:00" level=info msg=ConnectionClosed connectionID=2
time="2026-03-15T17:14:36-04:00" level=info msg=NewConnection DisableClientMultiStatements=false connectionID=3
time="2026-03-15T17:14:36-04:00" level=info msg=ConnectionClosed connectionID=3
time="2026-03-15T17:18:29-04:00" level=info msg=NewConnection DisableClientMultiStatements=false connectionID=4
time="2026-03-15T17:18:29-04:00" level=info msg=ConnectionClosed connectionID=4
time="2026-03-15T17:18:29-04:00" level=info msg=NewConnection DisableClientMultiStatements=false connectionID=5
time="2026-03-15T17:18:29-04:00" level=info msg=ConnectionClosed connectionID=5
time="2026-03-15T17:42:52-04:00" level=info msg=NewConnection DisableClientMultiStatements=false connectionID=6
time="2026-03-15T17:42:52-04:00" level=info msg=ConnectionClosed connectionID=6
time="2026-03-15T17:42:52-04:00" level=info msg=NewConnection DisableClientMultiStatements=false connectionID=7
time="2026-03-15T17:42:52-04:00" level=info msg=ConnectionClosed connectionID=7
time="2026-03-15T17:43:25-04:00" level=info msg=NewConnection DisableClientMultiStatements=false connectionID=8
time="2026-03-15T17:43:25-04:00" level=info msg=ConnectionClosed connectionID=8
time="2026-03-15T17:43:25-04:00" level=info msg=NewConnection DisableClientMultiStatements=false connectionID=9
time="2026-03-15T17:43:25-04:00" level=info msg=ConnectionClosed connectionID=9
time="2026-03-15T17:43:25-04:00" level=info msg=NewConnection DisableClientMultiStatements=false connectionID=10
time="2026-03-15T17:43:25-04:00" level=info msg=ConnectionClosed connectionID=10
time="2026-03-15T17:43:25-04:00" level=info msg=NewConnection DisableClientMultiStatements=false connectionID=11
time="2026-03-15T17:43:25-04:00" level=info msg=ConnectionClosed connectionID=11
time="2026-03-15T17:43:25-04:00" level=info msg=NewConnection DisableClientMultiStatements=false connectionID=12
time="2026-03-15T17:43:25-04:00" level=info msg=ConnectionClosed connectionID=12
time="2026-03-15T17:43:25-04:00" level=info msg=NewConnection DisableClientMultiStatements=false connectionID=13
time="2026-03-15T17:43:25-04:00" level=info msg=ConnectionClosed connectionID=13
time="2026-03-15T17:43:25-04:00" level=info msg=NewConnection DisableClientMultiStatements=false connectionID=14
time="2026-03-15T17:43:25-04:00" level=info msg=ConnectionClosed connectionID=14
time="2026-03-15T17:43:25-04:00" level=info msg=NewConnection DisableClientMultiStatements=false connectionID=15
time="2026-03-15T17:43:25-04:00" level=info msg=ConnectionClosed connectionID=15
time="2026-03-15T17:43:25-04:00" level=info msg=NewConnection DisableClientMultiStatements=false connectionID=16
time="2026-03-15T17:43:25-04:00" level=info msg=ConnectionClosed connectionID=16
time="2026-03-15T17:43:25-04:00" level=info msg=NewConnection DisableClientMultiStatements=false connectionID=17
time="2026-03-15T17:43:25-04:00" level=info msg=ConnectionClosed connectionID=17
time="2026-03-15T17:43:25-04:00" level=info msg=NewConnection DisableClientMultiStatements=false connectionID=18
time="2026-03-15T17:43:25-04:00" level=info msg=ConnectionClosed connectionID=18
time="2026-03-15T17:43:25-04:00" level=info msg=NewConnection DisableClientMultiStatements=false connectionID=19
time="2026-03-15T17:43:25-04:00" level=info msg=ConnectionClosed connectionID=19
time="2026-03-15T17:43:25-04:00" level=info msg=NewConnection DisableClientMultiStatements=false connectionID=20
time="2026-03-15T17:43:25-04:00" level=info msg=ConnectionClosed connectionID=20
time="2026-03-15T17:43:25-04:00" level=info msg=NewConnection DisableClientMultiStatements=false connectionID=21
time="2026-03-15T17:43:25-04:00" level=info msg=ConnectionClosed connectionID=21
time="2026-03-15T17:43:25-04:00" level=info msg=NewConnection DisableClientMultiStatements=false connectionID=22
time="2026-03-15T17:43:25-04:00" level=error msg="unable to process ComInitDB: database not found: beads" database=beads
time="2026-03-15T17:43:25-04:00" level=error msg="failed to set the database client 22 (127.0.0.1:59714): database not found: beads (errno 1049) (sqlstate HY000)"
time="2026-03-15T17:43:25-04:00" level=info msg=ConnectionClosed connectionID=22
time="2026-03-15T17:43:25-04:00" level=info msg=NewConnection DisableClientMultiStatements=false connectionID=23
time="2026-03-15T17:43:25-04:00" level=info msg=ConnectionClosed connectionID=23
time="2026-03-15T17:43:25-04:00" level=info msg=NewConnection DisableClientMultiStatements=false connectionID=24
time="2026-03-15T17:43:25-04:00" level=info msg=ConnectionClosed connectionID=24
time="2026-03-15T17:43:25-04:00" level=info msg=NewConnection DisableClientMultiStatements=false connectionID=25
time="2026-03-15T17:43:25-04:00" level=info msg=ConnectionClosed connectionID=25
time="2026-03-15T17:43:25-04:00" level=info msg=NewConnection DisableClientMultiStatements=false connectionID=26
time="2026-03-15T17:43:25-04:00" level=info msg=ConnectionClosed connectionID=26
time="2026-03-15T17:43:25-04:00" level=info msg=NewConnection DisableClientMultiStatements=false connectionID=27
time="2026-03-15T17:43:25-04:00" level=info msg=ConnectionClosed connectionID=27
time="2026-03-15T17:43:25-04:00" level=info msg=NewConnection DisableClientMultiStatements=false connectionID=28
time="2026-03-15T17:43:25-04:00" level=info msg=ConnectionClosed connectionID=28
time="2026-03-15T17:43:25-04:00" level=info msg=NewConnection DisableClientMultiStatements=false connectionID=29
time="2026-03-15T17:43:25-04:00" level=info msg=ConnectionClosed connectionID=29
time="2026-03-15T17:43:25-04:00" level=info msg=NewConnection DisableClientMultiStatements=false connectionID=30
time="2026-03-15T17:43:25-04:00" level=info msg=ConnectionClosed connectionID=30
time="2026-03-15T17:43:25-04:00" level=info msg=NewConnection DisableClientMultiStatements=false connectionID=31
time="2026-03-15T17:43:25-04:00" level=info msg=ConnectionClosed connectionID=31
time="2026-03-15T17:43:25-04:00" level=info msg=NewConnection DisableClientMultiStatements=false connectionID=32
time="2026-03-15T17:43:25-04:00" level=info msg=ConnectionClosed connectionID=32
time="2026-03-15T17:43:25-04:00" level=info msg=NewConnection DisableClientMultiStatements=false connectionID=33
time="2026-03-15T17:43:25-04:00" level=info msg=ConnectionClosed connectionID=33
time="2026-03-15T17:43:25-04:00" level=info msg=NewConnection DisableClientMultiStatements=false connectionID=34
time="2026-03-15T17:43:25-04:00" level=info msg=ConnectionClosed connectionID=34
time="2026-03-15T17:43:25-04:00" level=info msg=NewConnection DisableClientMultiStatements=false connectionID=35
time="2026-03-15T17:43:25-04:00" level=info msg=ConnectionClosed connectionID=35
time="2026-03-15T17:43:25-04:00" level=info msg=NewConnection DisableClientMultiStatements=false connectionID=36
time="2026-03-15T17:43:25-04:00" level=info msg=ConnectionClosed connectionID=36
time="2026-03-15T17:43:25-04:00" level=info msg=NewConnection DisableClientMultiStatements=false connectionID=37
time="2026-03-15T17:43:25-04:00" level=info msg=ConnectionClosed connectionID=37
time="2026-03-15T17:43:25-04:00" level=info msg=NewConnection DisableClientMultiStatements=false connectionID=38
time="2026-03-15T17:43:25-04:00" level=info msg=ConnectionClosed connectionID=38
time="2026-03-15T17:43:25-04:00" level=info msg=NewConnection DisableClientMultiStatements=false connectionID=39
time="2026-03-15T17:43:25-04:00" level=info msg=ConnectionClosed connectionID=39
time="2026-03-15T17:43:25-04:00" level=info msg=NewConnection DisableClientMultiStatements=false connectionID=40
time="2026-03-15T17:43:25-04:00" level=info msg=ConnectionClosed connectionID=40
time="2026-03-15T17:43:25-04:00" level=info msg=NewConnection DisableClientMultiStatements=false connectionID=41
time="2026-03-15T17:43:25-04:00" level=info msg=ConnectionClosed connectionID=41
time="2026-03-15T17:43:25-04:00" level=info msg=NewConnection DisableClientMultiStatements=false connectionID=42
time="2026-03-15T17:43:25-04:00" level=info msg=ConnectionClosed connectionID=42
time="2026-03-15T17:43:25-04:00" level=info msg=NewConnection DisableClientMultiStatements=false connectionID=43
time="2026-03-15T17:43:25-04:00" level=info msg=ConnectionClosed connectionID=43
time="2026-03-15T17:43:25-04:00" level=info msg=NewConnection DisableClientMultiStatements=false connectionID=44
time="2026-03-15T17:43:25-04:00" level=info msg=ConnectionClosed connectionID=44
time="2026-03-15T17:43:25-04:00" level=info msg=NewConnection DisableClientMultiStatements=false connectionID=45
time="2026-03-15T17:43:25-04:00" level=info msg=ConnectionClosed connectionID=45
time="2026-03-15T17:43:25-04:00" level=info msg=NewConnection DisableClientMultiStatements=false connectionID=46
time="2026-03-15T17:43:25-04:00" level=info msg=ConnectionClosed connectionID=46
time="2026-03-15T17:43:25-04:00" level=info msg=NewConnection DisableClientMultiStatements=false connectionID=47
time="2026-03-15T17:43:25-04:00" level=info msg=ConnectionClosed connectionID=47
time="2026-03-15T17:43:25-04:00" level=info msg=NewConnection DisableClientMultiStatements=false connectionID=48
time="2026-03-15T17:43:25-04:00" level=info msg=ConnectionClosed connectionID=48
time="2026-03-15T17:43:25-04:00" level=info msg=NewConnection DisableClientMultiStatements=false connectionID=49
time="2026-03-15T17:43:25-04:00" level=info msg=ConnectionClosed connectionID=49
time="2026-03-15T17:43:25-04:00" level=info msg=NewConnection DisableClientMultiStatements=false connectionID=50
time="2026-03-15T17:43:25-04:00" level=info msg=ConnectionClosed connectionID=50
time="2026-03-15T17:43:25-04:00" level=info msg=NewConnection DisableClientMultiStatements=false connectionID=51
time="2026-03-15T17:43:25-04:00" level=info msg=ConnectionClosed connectionID=51
time="2026-03-15T17:43:25-04:00" level=info msg=NewConnection DisableClientMultiStatements=false connectionID=52
time="2026-03-15T17:43:25-04:00" level=info msg=ConnectionClosed connectionID=52
time="2026-03-15T17:43:25-04:00" level=info msg=NewConnection DisableClientMultiStatements=false connectionID=53
time="2026-03-15T17:43:25-04:00" level=info msg=ConnectionClosed connectionID=53
time="2026-03-15T17:43:25-04:00" level=info msg=NewConnection DisableClientMultiStatements=false connectionID=54
time="2026-03-15T17:43:25-04:00" level=info msg=ConnectionClosed connectionID=54
time="2026-03-15T17:43:25-04:00" level=info msg=NewConnection DisableClientMultiStatements=false connectionID=55
time="2026-03-15T17:43:25-04:00" level=info msg=ConnectionClosed connectionID=55
time="2026-03-15T17:43:25-04:00" level=info msg=NewConnection DisableClientMultiStatements=false connectionID=56
time="2026-03-15T17:43:25-04:00" level=info msg=ConnectionClosed connectionID=56
time="2026-03-15T17:43:25-04:00" level=info msg=NewConnection DisableClientMultiStatements=false connectionID=57
time="2026-03-15T17:43:25-04:00" level=info msg=ConnectionClosed connectionID=57
time="2026-03-15T17:43:25-04:00" level=info msg=NewConnection DisableClientMultiStatements=false connectionID=58
time="2026-03-15T17:43:25-04:00" level=error msg="unable to process ComInitDB: database not found: beads" database=beads
time="2026-03-15T17:43:25-04:00" level=error msg="failed to set the database client 58 (127.0.0.1:59759): database not found: beads (errno 1049) (sqlstate HY000)"
time="2026-03-15T17:43:25-04:00" level=info msg=ConnectionClosed connectionID=58
time="2026-03-15T17:43:26-04:00" level=info msg=NewConnection DisableClientMultiStatements=false connectionID=59
time="2026-03-15T17:43:26-04:00" level=info msg=ConnectionClosed connectionID=59
time="2026-03-15T17:43:26-04:00" level=info msg=NewConnection DisableClientMultiStatements=false connectionID=60
time="2026-03-15T17:43:26-04:00" level=info msg=ConnectionClosed connectionID=60
time="2026-03-15T17:43:38-04:00" level=info msg=NewConnection DisableClientMultiStatements=false connectionID=61
time="2026-03-15T17:43:38-04:00" level=info msg=ConnectionClosed connectionID=61
time="2026-03-15T17:43:38-04:00" level=info msg=NewConnection DisableClientMultiStatements=false connectionID=62
time="2026-03-15T17:43:38-04:00" level=info msg=ConnectionClosed connectionID=62
time="2026-03-15T17:43:38-04:00" level=info msg=NewConnection DisableClientMultiStatements=false connectionID=63
time="2026-03-15T17:43:38-04:00" level=info msg=ConnectionClosed connectionID=63
time="2026-03-15T17:43:38-04:00" level=info msg=NewConnection DisableClientMultiStatements=false connectionID=64
time="2026-03-15T17:43:38-04:00" level=info msg=ConnectionClosed connectionID=64
time="2026-03-15T17:43:38-04:00" level=info msg=NewConnection DisableClientMultiStatements=false connectionID=65
time="2026-03-15T17:43:38-04:00" level=info msg=ConnectionClosed connectionID=65
time="2026-03-15T17:43:38-04:00" level=info msg=NewConnection DisableClientMultiStatements=false connectionID=66
time="2026-03-15T17:43:38-04:00" level=info msg=ConnectionClosed connectionID=66
time="2026-03-15T17:43:38-04:00" level=info msg=NewConnection DisableClientMultiStatements=false connectionID=67
time="2026-03-15T17:43:38-04:00" level=info msg=ConnectionClosed connectionID=67
time="2026-03-15T17:43:38-04:00" level=info msg=NewConnection DisableClientMultiStatements=false connectionID=68
time="2026-03-15T17:43:38-04:00" level=info msg=ConnectionClosed connectionID=68
time="2026-03-15T17:43:38-04:00" level=info msg=NewConnection DisableClientMultiStatements=false connectionID=69
time="2026-03-15T17:43:38-04:00" level=info msg=ConnectionClosed connectionID=69
time="2026-03-15T17:43:38-04:00" level=info msg=NewConnection DisableClientMultiStatements=false connectionID=70
time="2026-03-15T17:43:38-04:00" level=info msg=ConnectionClosed connectionID=70
time="2026-03-15T17:43:38-04:00" level=info msg=NewConnection DisableClientMultiStatements=false connectionID=71
time="2026-03-15T17:43:38-04:00" level=info msg=ConnectionClosed connectionID=71
time="2026-03-15T17:43:38-04:00" level=info msg=NewConnection DisableClientMultiStatements=false connectionID=72
time="2026-03-15T17:43:38-04:00" level=info msg=ConnectionClosed connectionID=72
time="2026-03-15T17:43:38-04:00" level=info msg=NewConnection DisableClientMultiStatements=false connectionID=73
time="2026-03-15T17:43:38-04:00" level=info msg=ConnectionClosed connectionID=73
time="2026-03-15T17:43:38-04:00" level=info msg=NewConnection DisableClientMultiStatements=false connectionID=74
time="2026-03-15T17:43:38-04:00" level=info msg=ConnectionClosed connectionID=74
time="2026-03-15T17:43:38-04:00" level=info msg=NewConnection DisableClientMultiStatements=false connectionID=75
time="2026-03-15T17:43:38-04:00" level=error msg="unable to process ComInitDB: database not found: beads" database=beads
time="2026-03-15T17:43:38-04:00" level=error msg="failed to set the database client 75 (127.0.0.1:59841): database not found: beads (errno 1049) (sqlstate HY000)"
time="2026-03-15T17:43:38-04:00" level=info msg=ConnectionClosed connectionID=75
time="2026-03-15T17:43:38-04:00" level=info msg=NewConnection DisableClientMultiStatements=false connectionID=76
time="2026-03-15T17:43:38-04:00" level=info msg=ConnectionClosed connectionID=76
time="2026-03-15T17:43:38-04:00" level=info msg=NewConnection DisableClientMultiStatements=false connectionID=77
time="2026-03-15T17:43:38-04:00" level=info msg=ConnectionClosed connectionID=77
time="2026-03-15T17:43:38-04:00" level=info msg=NewConnection DisableClientMultiStatements=false connectionID=78
time="2026-03-15T17:43:38-04:00" level=info msg=ConnectionClosed connectionID=78
time="2026-03-15T17:43:38-04:00" level=info msg=NewConnection DisableClientMultiStatements=false connectionID=79
time="2026-03-15T17:43:38-04:00" level=info msg=ConnectionClosed connectionID=79
time="2026-03-15T17:43:38-04:00" level=info msg=NewConnection DisableClientMultiStatements=false connectionID=80
time="2026-03-15T17:43:38-04:00" level=info msg=ConnectionClosed connectionID=80
time="2026-03-15T17:43:38-04:00" level=info msg=NewConnection DisableClientMultiStatements=false connectionID=81
time="2026-03-15T17:43:38-04:00" level=info msg=ConnectionClosed connectionID=81
time="2026-03-15T17:43:38-04:00" level=info msg=NewConnection DisableClientMultiStatements=false connectionID=82
time="2026-03-15T17:43:38-04:00" level=info msg=ConnectionClosed connectionID=82
time="2026-03-15T17:43:38-04:00" level=info msg=NewConnection DisableClientMultiStatements=false connectionID=83
time="2026-03-15T17:43:38-04:00" level=info msg=ConnectionClosed connectionID=83
time="2026-03-15T17:43:38-04:00" level=info msg=NewConnection DisableClientMultiStatements=false connectionID=84
time="2026-03-15T17:43:38-04:00" level=info msg=ConnectionClosed connectionID=84
time="2026-03-15T17:43:38-04:00" level=info msg=NewConnection DisableClientMultiStatements=false connectionID=85
time="2026-03-15T17:43:38-04:00" level=info msg=ConnectionClosed connectionID=85
time="2026-03-15T17:43:38-04:00" level=info msg=NewConnection DisableClientMultiStatements=false connectionID=86
time="2026-03-15T17:43:38-04:00" level=info msg=ConnectionClosed connectionID=86
time="2026-03-15T17:43:38-04:00" level=info msg=NewConnection DisableClientMultiStatements=false connectionID=87
time="2026-03-15T17:43:38-04:00" level=info msg=ConnectionClosed connectionID=87
time="2026-03-15T17:43:38-04:00" level=info msg=NewConnection DisableClientMultiStatements=false connectionID=88
time="2026-03-15T17:43:38-04:00" level=info msg=ConnectionClosed connectionID=88
time="2026-03-15T17:43:38-04:00" level=info msg=NewConnection DisableClientMultiStatements=false connectionID=89
time="2026-03-15T17:43:38-04:00" level=info msg=ConnectionClosed connectionID=89
time="2026-03-15T17:43:38-04:00" level=info msg=NewConnection DisableClientMultiStatements=false connectionID=90
time="2026-03-15T17:43:38-04:00" level=info msg=ConnectionClosed connectionID=90
time="2026-03-15T17:43:39-04:00" level=info msg=NewConnection DisableClientMultiStatements=false connectionID=91
time="2026-03-15T17:43:39-04:00" level=info msg=ConnectionClosed connectionID=91
time="2026-03-15T17:43:39-04:00" level=info msg=NewConnection DisableClientMultiStatements=false connectionID=92
time="2026-03-15T17:43:39-04:00" level=info msg=ConnectionClosed connectionID=92
time="2026-03-15T17:43:39-04:00" level=info msg=NewConnection DisableClientMultiStatements=false connectionID=93
time="2026-03-15T17:43:39-04:00" level=info msg=ConnectionClosed connectionID=93
time="2026-03-15T17:43:39-04:00" level=info msg=NewConnection DisableClientMultiStatements=false connectionID=94
time="2026-03-15T17:43:39-04:00" level=info msg=ConnectionClosed connectionID=94
time="2026-03-15T17:43:39-04:00" level=info msg=NewConnection DisableClientMultiStatements=false connectionID=95
time="2026-03-15T17:43:39-04:00" level=info msg=ConnectionClosed connectionID=95
time="2026-03-15T17:43:39-04:00" level=info msg=NewConnection DisableClientMultiStatements=false connectionID=96
time="2026-03-15T17:43:39-04:00" level=info msg=ConnectionClosed connectionID=96
time="2026-03-15T17:43:39-04:00" level=info msg=NewConnection DisableClientMultiStatements=false connectionID=97
time="2026-03-15T17:43:39-04:00" level=info msg=ConnectionClosed connectionID=97
time="2026-03-15T17:43:39-04:00" level=info msg=NewConnection DisableClientMultiStatements=false connectionID=98
time="2026-03-15T17:43:39-04:00" level=info msg=ConnectionClosed connectionID=98
time="2026-03-15T17:43:39-04:00" level=info msg=NewConnection DisableClientMultiStatements=false connectionID=99
time="2026-03-15T17:43:39-04:00" level=info msg=ConnectionClosed connectionID=99
time="2026-03-15T17:43:39-04:00" level=info msg=NewConnection DisableClientMultiStatements=false connectionID=100
time="2026-03-15T17:43:39-04:00" level=info msg=ConnectionClosed connectionID=100
time="2026-03-15T17:43:39-04:00" level=info msg=NewConnection DisableClientMultiStatements=false connectionID=101
time="2026-03-15T17:43:39-04:00" level=info msg=ConnectionClosed connectionID=101
time="2026-03-15T17:43:39-04:00" level=info msg=NewConnection DisableClientMultiStatements=false connectionID=102
time="2026-03-15T17:43:39-04:00" level=info msg=ConnectionClosed connectionID=102
time="2026-03-15T17:43:39-04:00" level=info msg=NewConnection DisableClientMultiStatements=false connectionID=103
time="2026-03-15T17:43:39-04:00" level=info msg=ConnectionClosed connectionID=103
time="2026-03-15T17:43:39-04:00" level=info msg=NewConnection DisableClientMultiStatements=false connectionID=104
time="2026-03-15T17:43:39-04:00" level=info msg=ConnectionClosed connectionID=104
time="2026-03-15T17:43:39-04:00" level=info msg=NewConnection DisableClientMultiStatements=false connectionID=105
time="2026-03-15T17:43:39-04:00" level=info msg=ConnectionClosed connectionID=105
time="2026-03-15T17:43:39-04:00" level=info msg=NewConnection DisableClientMultiStatements=false connectionID=106
time="2026-03-15T17:43:39-04:00" level=info msg=ConnectionClosed connectionID=106
time="2026-03-15T17:43:39-04:00" level=info msg=NewConnection DisableClientMultiStatements=false connectionID=107
time="2026-03-15T17:43:39-04:00" level=info msg=ConnectionClosed connectionID=107
time="2026-03-15T17:43:39-04:00" level=info msg=NewConnection DisableClientMultiStatements=false connectionID=108
time="2026-03-15T17:43:39-04:00" level=info msg=ConnectionClosed connectionID=108
time="2026-03-15T17:43:39-04:00" level=info msg=NewConnection DisableClientMultiStatements=false connectionID=109
time="2026-03-15T17:43:39-04:00" level=info msg=ConnectionClosed connectionID=109
time="2026-03-15T17:43:39-04:00" level=info msg=NewConnection DisableClientMultiStatements=false connectionID=110
time="2026-03-15T17:43:39-04:00" level=info msg=ConnectionClosed connectionID=110
time="2026-03-15T17:43:39-04:00" level=info msg=NewConnection DisableClientMultiStatements=false connectionID=111
time="2026-03-15T17:43:39-04:00" level=error msg="unable to process ComInitDB: database not found: beads" database=beads
time="2026-03-15T17:43:39-04:00" level=error msg="failed to set the database client 111 (127.0.0.1:59886): database not found: beads (errno 1049) (sqlstate HY000)"
time="2026-03-15T17:43:39-04:00" level=info msg=ConnectionClosed connectionID=111
time="2026-03-15T17:43:39-04:00" level=info msg=NewConnection DisableClientMultiStatements=false connectionID=112
time="2026-03-15T17:43:39-04:00" level=info msg=ConnectionClosed connectionID=112
time="2026-03-15T17:43:39-04:00" level=info msg=NewConnection DisableClientMultiStatements=false connectionID=113
time="2026-03-15T17:43:39-04:00" level=info msg=ConnectionClosed connectionID=113
time="2026-03-15T17:43:42-04:00" level=info msg=NewConnection DisableClientMultiStatements=false connectionID=114
time="2026-03-15T17:43:42-04:00" level=info msg=ConnectionClosed connectionID=114
time="2026-03-15T17:43:42-04:00" level=info msg=NewConnection DisableClientMultiStatements=false connectionID=115
time="2026-03-15T17:43:42-04:00" level=info msg=NewConnection DisableClientMultiStatements=false connectionID=116
time="2026-03-15T17:43:42-04:00" level=info msg=ConnectionClosed connectionID=115
time="2026-03-15T17:43:42-04:00" level=warning msg="error running query" connectTime="2026-03-15 17:43:42.081084 -0400 EDT m=+1746.543675667" connectionDb=rb connectionID=116 error="table not found: config" queryTime="2026-03-15 17:43:42.081929 -0400 EDT m=+1746.544520501"
time="2026-03-15T17:43:42-04:00" level=warning msg="error running query" connectTime="2026-03-15 17:43:42.081084 -0400 EDT m=+1746.543675667" connectionDb=rb connectionID=116 error="Duplicate key name 'idx_issues_issue_type'" queryTime="2026-03-15 17:43:42.169843 -0400 EDT m=+1746.632435001"
time="2026-03-15T17:43:42-04:00" level=warning msg="error running query" connectTime="2026-03-15 17:43:42.081084 -0400 EDT m=+1746.543675667" connectionDb=rb connectionID=116 error="foreign key `fk_dep_depends_on` was not found on the table `dependencies`" queryTime="2026-03-15 17:43:42.170136 -0400 EDT m=+1746.632727959"
time="2026-03-15T17:43:42-04:00" level=info msg=ConnectionClosed connectionID=116
time="2026-03-15T17:43:42-04:00" level=info msg=NewConnection DisableClientMultiStatements=false connectionID=117
time="2026-03-15T17:43:42-04:00" level=info msg=ConnectionClosed connectionID=117
time="2026-03-15T17:43:42-04:00" level=info msg=NewConnection DisableClientMultiStatements=false connectionID=118
time="2026-03-15T17:43:42-04:00" level=info msg=NewConnection DisableClientMultiStatements=false connectionID=119
time="2026-03-15T17:43:42-04:00" level=info msg=ConnectionClosed connectionID=118
time="2026-03-15T17:43:42-04:00" level=warning msg="error running query" connectTime="2026-03-15 17:43:42.590578 -0400 EDT m=+1747.053171584" connectionDb=rb connectionID=119 error="nothing to commit" queryTime="2026-03-15 17:43:42.59793 -0400 EDT m=+1747.060523209"
time="2026-03-15T17:43:42-04:00" level=info msg=ConnectionClosed connectionID=119
time="2026-03-15T17:43:42-04:00" level=info msg=NewConnection DisableClientMultiStatements=false connectionID=120
time="2026-03-15T17:43:42-04:00" level=info msg=ConnectionClosed connectionID=120
time="2026-03-15T17:43:42-04:00" level=info msg=NewConnection DisableClientMultiStatements=false connectionID=121
time="2026-03-15T17:43:42-04:00" level=info msg=NewConnection DisableClientMultiStatements=false connectionID=122
time="2026-03-15T17:43:42-04:00" level=info msg=ConnectionClosed connectionID=121
time="2026-03-15T17:43:42-04:00" level=warning msg="error running query" connectTime="2026-03-15 17:43:42.601527 -0400 EDT m=+1747.064120292" connectionDb=rb connectionID=122 error="nothing to commit" queryTime="2026-03-15 17:43:42.607991 -0400 EDT m=+1747.070584167"
time="2026-03-15T17:43:42-04:00" level=info msg=ConnectionClosed connectionID=122
time="2026-03-15T17:43:42-04:00" level=info msg=NewConnection DisableClientMultiStatements=false connectionID=123
time="2026-03-15T17:43:42-04:00" level=info msg=ConnectionClosed connectionID=123
time="2026-03-15T17:43:42-04:00" level=info msg=NewConnection DisableClientMultiStatements=false connectionID=124
time="2026-03-15T17:43:42-04:00" level=info msg=NewConnection DisableClientMultiStatements=false connectionID=125
time="2026-03-15T17:43:42-04:00" level=info msg=ConnectionClosed connectionID=124
time="2026-03-15T17:43:42-04:00" level=info msg=ConnectionClosed connectionID=125
time="2026-03-15T17:43:42-04:00" level=info msg=NewConnection DisableClientMultiStatements=false connectionID=126
time="2026-03-15T17:43:42-04:00" level=info msg=ConnectionClosed connectionID=126
time="2026-03-15T17:43:42-04:00" level=info msg=NewConnection DisableClientMultiStatements=false connectionID=127
time="2026-03-15T17:43:42-04:00" level=info msg=NewConnection DisableClientMultiStatements=false connectionID=128
time="2026-03-15T17:43:42-04:00" level=info msg=ConnectionClosed connectionID=127
time="2026-03-15T17:43:42-04:00" level=info msg=ConnectionClosed connectionID=128
time="2026-03-15T17:43:42-04:00" level=info msg=NewConnection DisableClientMultiStatements=false connectionID=129
time="2026-03-15T17:43:42-04:00" level=info msg=ConnectionClosed connectionID=129
time="2026-03-15T17:43:42-04:00" level=info msg=NewConnection DisableClientMultiStatements=false connectionID=130
time="2026-03-15T17:43:42-04:00" level=info msg=NewConnection DisableClientMultiStatements=false connectionID=131
time="2026-03-15T17:43:42-04:00" level=info msg=ConnectionClosed connectionID=130
time="2026-03-15T17:43:42-04:00" level=info msg=ConnectionClosed connectionID=131
time="2026-03-15T17:43:42-04:00" level=info msg=NewConnection DisableClientMultiStatements=false connectionID=132
time="2026-03-15T17:43:42-04:00" level=info msg=ConnectionClosed connectionID=132
time="2026-03-15T17:43:42-04:00" level=info msg=NewConnection DisableClientMultiStatements=false connectionID=133
time="2026-03-15T17:43:42-04:00" level=info msg=NewConnection DisableClientMultiStatements=false connectionID=134
time="2026-03-15T17:43:42-04:00" level=info msg=ConnectionClosed connectionID=133
time="2026-03-15T17:43:42-04:00" level=info msg=ConnectionClosed connectionID=134
time="2026-03-15T17:43:42-04:00" level=info msg=NewConnection DisableClientMultiStatements=false connectionID=135
time="2026-03-15T17:43:42-04:00" level=info msg=ConnectionClosed connectionID=135
time="2026-03-15T17:43:42-04:00" level=info msg=NewConnection DisableClientMultiStatements=false connectionID=136
time="2026-03-15T17:43:42-04:00" level=info msg=NewConnection DisableClientMultiStatements=false connectionID=137
time="2026-03-15T17:43:42-04:00" level=info msg=ConnectionClosed connectionID=136
time="2026-03-15T17:43:42-04:00" level=info msg=ConnectionClosed connectionID=137
time="2026-03-15T17:43:42-04:00" level=info msg=NewConnection DisableClientMultiStatements=false connectionID=138
time="2026-03-15T17:43:42-04:00" level=info msg=ConnectionClosed connectionID=138
time="2026-03-15T17:43:42-04:00" level=info msg=NewConnection DisableClientMultiStatements=false connectionID=139
time="2026-03-15T17:43:42-04:00" level=info msg=NewConnection DisableClientMultiStatements=false connectionID=140
time="2026-03-15T17:43:42-04:00" level=info msg=ConnectionClosed connectionID=139
time="2026-03-15T17:43:42-04:00" level=info msg=ConnectionClosed connectionID=140
time="2026-03-15T17:43:42-04:00" level=info msg=NewConnection DisableClientMultiStatements=false connectionID=141
time="2026-03-15T17:43:42-04:00" level=info msg=ConnectionClosed connectionID=141
time="2026-03-15T17:43:42-04:00" level=info msg=NewConnection DisableClientMultiStatements=false connectionID=142
time="2026-03-15T17:43:42-04:00" level=info msg=ConnectionClosed connectionID=142
time="2026-03-15T17:43:42-04:00" level=info msg=NewConnection DisableClientMultiStatements=false connectionID=143
time="2026-03-15T17:43:42-04:00" level=info msg=NewConnection DisableClientMultiStatements=false connectionID=144
time="2026-03-15T17:43:42-04:00" level=info msg=ConnectionClosed connectionID=143
time="2026-03-15T17:43:42-04:00" level=info msg=ConnectionClosed connectionID=144
time="2026-03-15T17:43:42-04:00" level=info msg=NewConnection DisableClientMultiStatements=false connectionID=145
time="2026-03-15T17:43:42-04:00" level=info msg=ConnectionClosed connectionID=145
time="2026-03-15T17:43:42-04:00" level=info msg=NewConnection DisableClientMultiStatements=false connectionID=146
time="2026-03-15T17:43:42-04:00" level=info msg=NewConnection DisableClientMultiStatements=false connectionID=147
time="2026-03-15T17:43:42-04:00" level=info msg=ConnectionClosed connectionID=146
time="2026-03-15T17:43:42-04:00" level=info msg=ConnectionClosed connectionID=147
time="2026-03-15T17:43:42-04:00" level=info msg=NewConnection DisableClientMultiStatements=false connectionID=148
time="2026-03-15T17:43:42-04:00" level=info msg=ConnectionClosed connectionID=148
time="2026-03-15T17:43:42-04:00" level=info msg=NewConnection DisableClientMultiStatements=false connectionID=149
time="2026-03-15T17:43:42-04:00" level=info msg=NewConnection DisableClientMultiStatements=false connectionID=150
time="2026-03-15T17:43:42-04:00" level=info msg=ConnectionClosed connectionID=149
time="2026-03-15T17:43:42-04:00" level=info msg=ConnectionClosed connectionID=150
time="2026-03-15T17:43:42-04:00" level=info msg=NewConnection DisableClientMultiStatements=false connectionID=151
time="2026-03-15T17:43:42-04:00" level=info msg=ConnectionClosed connectionID=151
time="2026-03-15T17:43:42-04:00" level=info msg=NewConnection DisableClientMultiStatements=false connectionID=152
time="2026-03-15T17:43:42-04:00" level=info msg=NewConnection DisableClientMultiStatements=false connectionID=153
time="2026-03-15T17:43:42-04:00" level=info msg=ConnectionClosed connectionID=152
time="2026-03-15T17:43:42-04:00" level=info msg=ConnectionClosed connectionID=153
time="2026-03-15T17:43:42-04:00" level=info msg=NewConnection DisableClientMultiStatements=false connectionID=154
time="2026-03-15T17:43:42-04:00" level=info msg=ConnectionClosed connectionID=154
time="2026-03-15T17:43:42-04:00" level=info msg=NewConnection DisableClientMultiStatements=false connectionID=155
time="2026-03-15T17:43:42-04:00" level=info msg=ConnectionClosed connectionID=155
time="2026-03-15T17:43:42-04:00" level=info msg=NewConnection DisableClientMultiStatements=false connectionID=156
time="2026-03-15T17:43:42-04:00" level=info msg=NewConnection DisableClientMultiStatements=false connectionID=157
time="2026-03-15T17:43:42-04:00" level=info msg=ConnectionClosed connectionID=156
time="2026-03-15T17:43:42-04:00" level=info msg=ConnectionClosed connectionID=157
time="2026-03-15T17:43:42-04:00" level=info msg=NewConnection DisableClientMultiStatements=false connectionID=158
time="2026-03-15T17:43:42-04:00" level=info msg=ConnectionClosed connectionID=158
time="2026-03-15T17:43:42-04:00" level=info msg=NewConnection DisableClientMultiStatements=false connectionID=159
time="2026-03-15T17:43:42-04:00" level=info msg=NewConnection DisableClientMultiStatements=false connectionID=160
time="2026-03-15T17:43:42-04:00" level=info msg=ConnectionClosed connectionID=159
time="2026-03-15T17:43:42-04:00" level=info msg=ConnectionClosed connectionID=160
time="2026-03-15T17:43:42-04:00" level=info msg=NewConnection DisableClientMultiStatements=false connectionID=161
time="2026-03-15T17:43:42-04:00" level=info msg=ConnectionClosed connectionID=161
time="2026-03-15T17:43:42-04:00" level=info msg=NewConnection DisableClientMultiStatements=false connectionID=162
time="2026-03-15T17:43:42-04:00" level=info msg=NewConnection DisableClientMultiStatements=false connectionID=163
time="2026-03-15T17:43:42-04:00" level=info msg=ConnectionClosed connectionID=162
time="2026-03-15T17:43:42-04:00" level=info msg=ConnectionClosed connectionID=163
time="2026-03-15T17:43:42-04:00" level=info msg=NewConnection DisableClientMultiStatements=false connectionID=164
time="2026-03-15T17:43:42-04:00" level=info msg=ConnectionClosed connectionID=164
time="2026-03-15T17:43:42-04:00" level=info msg=NewConnection DisableClientMultiStatements=false connectionID=165
time="2026-03-15T17:43:42-04:00" level=info msg=NewConnection DisableClientMultiStatements=false connectionID=166
time="2026-03-15T17:43:42-04:00" level=info msg=ConnectionClosed connectionID=165
time="2026-03-15T17:43:42-04:00" level=warning msg="error running query" connectTime="2026-03-15 17:43:42.81727 -0400 EDT m=+1747.279863542" connectionDb=rb connectionID=166 error="nothing to commit" queryTime="2026-03-15 17:43:42.825638 -0400 EDT m=+1747.288232167"
time="2026-03-15T17:43:42-04:00" level=info msg=ConnectionClosed connectionID=166
time="2026-03-15T17:43:43-04:00" level=info msg=NewConnection DisableClientMultiStatements=false connectionID=167
time="2026-03-15T17:43:43-04:00" level=info msg=ConnectionClosed connectionID=167
time="2026-03-15T17:43:43-04:00" level=info msg=NewConnection DisableClientMultiStatements=false connectionID=168
time="2026-03-15T17:43:43-04:00" level=info msg=NewConnection DisableClientMultiStatements=false connectionID=169
time="2026-03-15T17:43:43-04:00" level=info msg=ConnectionClosed connectionID=168
time="2026-03-15T17:43:43-04:00" level=info msg=ConnectionClosed connectionID=169
time="2026-03-15T17:43:43-04:00" level=info msg=NewConnection DisableClientMultiStatements=false connectionID=170
time="2026-03-15T17:43:43-04:00" level=info msg=ConnectionClosed connectionID=170
time="2026-03-15T17:43:43-04:00" level=info msg=NewConnection DisableClientMultiStatements=false connectionID=171
time="2026-03-15T17:43:43-04:00" level=info msg=NewConnection DisableClientMultiStatements=false connectionID=172
time="2026-03-15T17:43:43-04:00" level=info msg=ConnectionClosed connectionID=171
time="2026-03-15T17:43:43-04:00" level=info msg=ConnectionClosed connectionID=172
time="2026-03-15T17:43:43-04:00" level=info msg=NewConnection DisableClientMultiStatements=false connectionID=173
time="2026-03-15T17:43:43-04:00" level=info msg=ConnectionClosed connectionID=173
time="2026-03-15T17:43:43-04:00" level=info msg=NewConnection DisableClientMultiStatements=false connectionID=174
time="2026-03-15T17:43:43-04:00" level=info msg=NewConnection DisableClientMultiStatements=false connectionID=175
time="2026-03-15T17:43:43-04:00" level=info msg=ConnectionClosed connectionID=174
time="2026-03-15T17:43:43-04:00" level=info msg=ConnectionClosed connectionID=175
time="2026-03-15T17:43:43-04:00" level=info msg=NewConnection DisableClientMultiStatements=false connectionID=176
time="2026-03-15T17:43:43-04:00" level=info msg=ConnectionClosed connectionID=176
time="2026-03-15T17:43:43-04:00" level=info msg=NewConnection DisableClientMultiStatements=false connectionID=177
time="2026-03-15T17:43:43-04:00" level=info msg=NewConnection DisableClientMultiStatements=false connectionID=178
time="2026-03-15T17:43:43-04:00" level=info msg=ConnectionClosed connectionID=177
time="2026-03-15T17:43:43-04:00" level=info msg=ConnectionClosed connectionID=178
time="2026-03-15T17:43:43-04:00" level=info msg=NewConnection DisableClientMultiStatements=false connectionID=179
time="2026-03-15T17:43:43-04:00" level=info msg=ConnectionClosed connectionID=179
time="2026-03-15T17:43:43-04:00" level=info msg=NewConnection DisableClientMultiStatements=false connectionID=180
time="2026-03-15T17:43:43-04:00" level=info msg=NewConnection DisableClientMultiStatements=false connectionID=181
time="2026-03-15T17:43:43-04:00" level=info msg=ConnectionClosed connectionID=180
time="2026-03-15T17:43:43-04:00" level=info msg=ConnectionClosed connectionID=181
time="2026-03-15T17:43:43-04:00" level=info msg=NewConnection DisableClientMultiStatements=false connectionID=182
time="2026-03-15T17:43:43-04:00" level=info msg=ConnectionClosed connectionID=182
time="2026-03-15T17:43:43-04:00" level=info msg=NewConnection DisableClientMultiStatements=false connectionID=183
time="2026-03-15T17:43:43-04:00" level=info msg=NewConnection DisableClientMultiStatements=false connectionID=184
time="2026-03-15T17:43:43-04:00" level=info msg=ConnectionClosed connectionID=183
time="2026-03-15T17:43:43-04:00" level=info msg=ConnectionClosed connectionID=184
time="2026-03-15T17:43:43-04:00" level=info msg=NewConnection DisableClientMultiStatements=false connectionID=185
time="2026-03-15T17:43:43-04:00" level=info msg=ConnectionClosed connectionID=185
time="2026-03-15T17:43:43-04:00" level=info msg=NewConnection DisableClientMultiStatements=false connectionID=186
time="2026-03-15T17:43:43-04:00" level=info msg=NewConnection DisableClientMultiStatements=false connectionID=187
time="2026-03-15T17:43:43-04:00" level=info msg=ConnectionClosed connectionID=186
time="2026-03-15T17:43:43-04:00" level=info msg=ConnectionClosed connectionID=187
time="2026-03-15T17:43:43-04:00" level=info msg=NewConnection DisableClientMultiStatements=false connectionID=188
time="2026-03-15T17:43:43-04:00" level=info msg=ConnectionClosed connectionID=188
time="2026-03-15T17:43:43-04:00" level=info msg=NewConnection DisableClientMultiStatements=false connectionID=189
time="2026-03-15T17:43:43-04:00" level=info msg=NewConnection DisableClientMultiStatements=false connectionID=190
time="2026-03-15T17:43:43-04:00" level=info msg=ConnectionClosed connectionID=189
time="2026-03-15T17:43:43-04:00" level=info msg=ConnectionClosed connectionID=190
time="2026-03-15T17:43:43-04:00" level=info msg=NewConnection DisableClientMultiStatements=false connectionID=191
time="2026-03-15T17:43:43-04:00" level=info msg=ConnectionClosed connectionID=191
time="2026-03-15T17:43:43-04:00" level=info msg=NewConnection DisableClientMultiStatements=false connectionID=192
time="2026-03-15T17:43:43-04:00" level=info msg=NewConnection DisableClientMultiStatements=false connectionID=193
time="2026-03-15T17:43:43-04:00" level=info msg=ConnectionClosed connectionID=192
time="2026-03-15T17:43:43-04:00" level=warning msg="error running query" connectTime="2026-03-15 17:43:43.047928 -0400 EDT m=+1747.510522751" connectionDb=rb connectionID=193 error="nothing to commit" queryTime="2026-03-15 17:43:43.053752 -0400 EDT m=+1747.516346834"
time="2026-03-15T17:43:43-04:00" level=info msg=ConnectionClosed connectionID=193
time="2026-03-15T17:43:43-04:00" level=info msg=NewConnection DisableClientMultiStatements=false connectionID=194
time="2026-03-15T17:43:43-04:00" level=info msg=ConnectionClosed connectionID=194
time="2026-03-15T17:43:43-04:00" level=info msg=NewConnection DisableClientMultiStatements=false connectionID=195
time="2026-03-15T17:43:43-04:00" level=info msg=ConnectionClosed connectionID=195
time="2026-03-15T17:43:43-04:00" level=info msg=NewConnection DisableClientMultiStatements=false connectionID=196
time="2026-03-15T17:43:43-04:00" level=info msg=NewConnection DisableClientMultiStatements=false connectionID=197
time="2026-03-15T17:43:43-04:00" level=info msg=ConnectionClosed connectionID=196
time="2026-03-15T17:43:43-04:00" level=info msg=ConnectionClosed connectionID=197
time="2026-03-15T18:07:58-04:00" level=info msg=NewConnection DisableClientMultiStatements=false connectionID=198
time="2026-03-15T18:07:58-04:00" level=info msg=ConnectionClosed connectionID=198
time="2026-03-15T18:07:58-04:00" level=info msg=NewConnection DisableClientMultiStatements=false connectionID=199
time="2026-03-15T18:07:58-04:00" level=info msg=NewConnection DisableClientMultiStatements=false connectionID=200
time="2026-03-15T18:07:58-04:00" level=info msg=ConnectionClosed connectionID=199
time="2026-03-15T18:07:58-04:00" level=warning msg="error running query" connectTime="2026-03-15 18:07:58.083084 -0400 EDT m=+3202.584970334" connectionDb=rb connectionID=200 error="nothing to commit" queryTime="2026-03-15 18:07:58.093091 -0400 EDT m=+3202.594977751"
time="2026-03-15T18:07:59-04:00" level=info msg=ConnectionClosed connectionID=200
time="2026-03-15T18:13:45-04:00" level=info msg=NewConnection DisableClientMultiStatements=false connectionID=201
time="2026-03-15T18:13:45-04:00" level=warning msg="error running query" connectTime="2026-03-15 18:13:45.116338 -0400 EDT m=+3549.623694584" connectionID=201 error="database not found: dolt" queryTime="2026-03-15 18:13:45.119569 -0400 EDT m=+3549.626925251"
time="2026-03-15T18:13:45-04:00" level=info msg=ConnectionClosed connectionID=201
time="2026-03-15T18:13:45-04:00" level=info msg="Server closing listener. No longer accepting connections."
time="2026-03-15T18:13:45-04:00" level=info msg="stats stopped: context canceled"
panic: goroutine 1 [running]:
	runtime/debug.Stack()
		runtime/debug/stack.go:26 +0x64
	github.com/dolthub/dolt/go/libraries/utils/errors.Fatalf(0x60be08475e00?, {0x1024b8f4e, 0x27}, {0x60be090bd5f0, 0x1, 0x60be082a6810?})
		github.com/dolthub/dolt/go/libraries/utils/errors/panic.go:39 +0x38
	github.com/dolthub/dolt/go/store/nbs.(*NomsBlockStore).Close(0x60be084b8000)
		github.com/dolthub/dolt/go/store/nbs/store.go:1613 +0xbc
	github.com/dolthub/dolt/go/store/nbs.(*GenerationalNBS).Close(0x60be074882e8)
		github.com/dolthub/dolt/go/store/nbs/generational_chunk_store.go:343 +0x38
	github.com/dolthub/dolt/go/store/types.(*ValueStore).Close(...)
		github.com/dolthub/dolt/go/store/types/value_store.go:797
	github.com/dolthub/dolt/go/store/datas.(*database).Close(0x60be074883c0?)
		github.com/dolthub/dolt/go/store/datas/database_common.go:199 +0x28
	github.com/dolthub/dolt/go/libraries/doltcore/dbfactory.CloseAllLocalDatabases()
		github.com/dolthub/dolt/go/libraries/doltcore/dbfactory/file.go:96 +0x120
	main.runMain()
		github.com/dolthub/dolt/go/cmd/dolt/dolt.go:557 +0x24b8
	main.main()
		github.com/dolthub/dolt/go/cmd/dolt/dolt.go:208 +0x3c
	
	
	fatal error: open /Users/binhrobles/code/projects/rusty-bikes/.beads/dolt/.dolt/noms/nbs_manifest_1548688664: no such file or directory: fatal error closing table persister

goroutine 89272 [running]:
github.com/dolthub/dolt/go/libraries/utils/errors.Fatalf.func1()
	github.com/dolthub/dolt/go/libraries/utils/errors/panic.go:42 +0x80
created by github.com/dolthub/dolt/go/libraries/utils/errors.Fatalf in goroutine 1
	github.com/dolthub/dolt/go/libraries/utils/errors/panic.go:41 +0x174
Starting server with Config HP="127.0.0.1:65300"|T="28800000"|R="false"|L="info"
time="2026-03-15T22:21:31-04:00" level=info msg="Creating root@localhost superuser"
time="2026-03-15T22:21:31-04:00" level=info msg="Server ready. Accepting connections."
time="2026-03-15T22:21:31-04:00" level=warning msg="secure_file_priv is set to \"\", which is insecure."
time="2026-03-15T22:21:31-04:00" level=warning msg="Any user with GRANT FILE privileges will be able to read any file which the sql-server process can read."
time="2026-03-15T22:21:31-04:00" level=warning msg="Please consider restarting the server with secure_file_priv set to a safe (or non-existent) directory."
time="2026-03-15T22:21:31-04:00" level=info msg=NewConnection DisableClientMultiStatements=false connectionID=1
time="2026-03-15T22:21:31-04:00" level=info msg=NewConnection DisableClientMultiStatements=false connectionID=2
time="2026-03-15T22:21:31-04:00" level=info msg=ConnectionClosed connectionID=1
time="2026-03-15T22:21:31-04:00" level=info msg=ConnectionClosed connectionID=2
time="2026-03-15T22:21:31-04:00" level=info msg=NewConnection DisableClientMultiStatements=false connectionID=3
time="2026-03-15T22:21:31-04:00" level=info msg=NewConnection DisableClientMultiStatements=false connectionID=4
time="2026-03-15T22:21:31-04:00" level=info msg=ConnectionClosed connectionID=3
time="2026-03-15T22:21:31-04:00" level=warning msg="error running query" connectTime="2026-03-15 22:21:31.820649 -0400 EDT m=+0.198953293" connectionDb=rb connectionID=4 error="nothing to commit" queryTime="2026-03-15 22:21:31.835518 -0400 EDT m=+0.213822834"
time="2026-03-15T22:21:31-04:00" level=info msg=NewConnection DisableClientMultiStatements=false connectionID=5
time="2026-03-15T22:21:31-04:00" level=info msg=ConnectionClosed connectionID=5
time="2026-03-15T22:21:32-04:00" level=info msg=ConnectionClosed connectionID=4
time="2026-03-15T22:21:39-04:00" level=info msg=NewConnection DisableClientMultiStatements=false connectionID=6
time="2026-03-15T22:21:39-04:00" level=info msg=ConnectionClosed connectionID=6
time="2026-03-15T22:21:39-04:00" level=info msg=NewConnection DisableClientMultiStatements=false connectionID=7
time="2026-03-15T22:21:39-04:00" level=info msg=NewConnection DisableClientMultiStatements=false connectionID=8
time="2026-03-15T22:21:39-04:00" level=info msg=ConnectionClosed connectionID=7
time="2026-03-15T22:21:39-04:00" level=warning msg="error running query" connectTime="2026-03-15 22:21:39.820725 -0400 EDT m=+8.199149418" connectionDb=rb connectionID=8 error="nothing to commit" queryTime="2026-03-15 22:21:39.828812 -0400 EDT m=+8.207236293"
time="2026-03-15T22:21:39-04:00" level=info msg=ConnectionClosed connectionID=8
time="2026-03-15T22:21:43-04:00" level=info msg=NewConnection DisableClientMultiStatements=false connectionID=9
time="2026-03-15T22:21:43-04:00" level=info msg=ConnectionClosed connectionID=9
time="2026-03-15T22:21:43-04:00" level=info msg=NewConnection DisableClientMultiStatements=false connectionID=10
time="2026-03-15T22:21:43-04:00" level=info msg=NewConnection DisableClientMultiStatements=false connectionID=11
time="2026-03-15T22:21:43-04:00" level=info msg=ConnectionClosed connectionID=10
time="2026-03-15T22:21:43-04:00" level=warning msg="error running query" connectTime="2026-03-15 22:21:43.428892 -0400 EDT m=+11.807370001" connectionDb=rb connectionID=11 error="nothing to commit" queryTime="2026-03-15 22:21:43.43596 -0400 EDT m=+11.814437959"
time="2026-03-15T22:21:43-04:00" level=info msg=ConnectionClosed connectionID=11
time="2026-03-15T22:23:48-04:00" level=info msg=NewConnection DisableClientMultiStatements=false connectionID=12
time="2026-03-15T22:23:48-04:00" level=info msg=ConnectionClosed connectionID=12
time="2026-03-15T22:23:48-04:00" level=info msg=NewConnection DisableClientMultiStatements=false connectionID=13
time="2026-03-15T22:23:48-04:00" level=info msg=NewConnection DisableClientMultiStatements=false connectionID=14
time="2026-03-15T22:23:48-04:00" level=info msg=ConnectionClosed connectionID=13
time="2026-03-15T22:23:48-04:00" level=warning msg="error running query" connectTime="2026-03-15 22:23:48.041599 -0400 EDT m=+136.421943334" connectionDb=rb connectionID=14 error="nothing to commit" queryTime="2026-03-15 22:23:48.048898 -0400 EDT m=+136.429242209"
time="2026-03-15T22:23:48-04:00" level=info msg=ConnectionClosed connectionID=14
time="2026-03-15T22:39:23-04:00" level=info msg=NewConnection DisableClientMultiStatements=false connectionID=15
time="2026-03-15T22:39:23-04:00" level=info msg=ConnectionClosed connectionID=15
time="2026-03-15T22:39:23-04:00" level=info msg=NewConnection DisableClientMultiStatements=false connectionID=16
time="2026-03-15T22:39:23-04:00" level=info msg=NewConnection DisableClientMultiStatements=false connectionID=17
time="2026-03-15T22:39:23-04:00" level=info msg=ConnectionClosed connectionID=16
time="2026-03-15T22:39:23-04:00" level=warning msg="error running query" connectTime="2026-03-15 22:39:23.422704 -0400 EDT m=+1071.817052334" connectionDb=rb connectionID=17 error="nothing to commit" queryTime="2026-03-15 22:39:23.430418 -0400 EDT m=+1071.824767001"
time="2026-03-15T22:39:23-04:00" level=info msg=ConnectionClosed connectionID=17
